<?xml version="1.0" encoding="UTF-8"?>
<!-- Generated by org.testng.reporters.JUnitReportReporter -->
<testsuite skipped="0" hostname="mds-MacBook-Air.local" name="com.talentect.testrunner.testrunner" tests="1" failures="0" timestamp="06 Dec 2017 00:31:52 GMT" time="4.533" errors="0">
  <testcase name="feature" time="4.533" classname="com.talentect.testrunner.testrunner"/>
</testsuite> <!-- com.talentect.testrunner.testrunner -->
