<?xml version="1.0" encoding="UTF-8"?>
<!-- Generated by org.testng.reporters.JUnitReportReporter -->
<testsuite skipped="0" hostname="mds-MacBook-Air.local" name="com.talentect.testrunner.testrunner" tests="1" failures="0" timestamp="05 Dec 2017 23:30:08 GMT" time="0.007" errors="0">
  <testcase name="feature" time="0.007" classname="com.talentect.testrunner.testrunner"/>
</testsuite> <!-- com.talentect.testrunner.testrunner -->
